-: # github.com/vertikon/mcp-ultra-wasm-wasm/mcp/mcp-ultra-wasm-wasm/internal/web-wasm/nats
internal\web-wasm\nats\client.go:139:15: c.conn.PublishAsync undefined (type *"github.com/nats-io/nats.go".Conn has no field or method PublishAsync)
internal\web-wasm\nats\client.go:183:30: stats.Connects undefined (type "github.com/nats-io/nats.go".Statistics has no field or method Connects)
internal\web-wasm\nats\client.go:185:30: stats.Errors undefined (type "github.com/nats-io/nats.go".Statistics has no field or method Errors) (compile)
-: found packages handlers (handlers_test.go) and nats (nats_test.go) in E:\vertikon\.endurance\templates\mcp-ultra-wasm\mcp\mcp-ultra-wasm\test\web-wasm (compile)
internal\security\vault.go:132:15: error strings should not be capitalized (ST1005)
internal\security\vault.go:212:10: error strings should not be capitalized (ST1005)
internal\security\vault.go:310:10: error strings should not be capitalized (ST1005)
internal\security\vault.go:320:10: error strings should not be capitalized (ST1005)
cmd\web-wasm-server\main.go:14:2: no required module provides package github.com/gin-gonic/gin; to add it:
	go get github.com/gin-gonic/gin (compile)
internal\web-wasm\handlers\api_handler.go:11:2: no required module provides package github.com/vertikon/mcp-ultra-wasm-wasm/mcp/mcp-ultra-wasm/internal/web-wasm/nats; to add it:
	go get github.com/vertikon/mcp-ultra-wasm-wasm/mcp/mcp-ultra-wasm/internal/web-wasm/nats (compile)
internal\web-wasm\handlers\websocket_handler.go:11:2: no required module provides package github.com/gorilla/websocket; to add it:
	go get github.com/gorilla/websocket (compile)
internal\web-wasm\observability\tracing.go:11:2: no required module provides package go.opentelemetry.io/otel/exporters/otlp/otlptrace/otlptracegrpc; to add it:
	go get go.opentelemetry.io/otel/exporters/otlp/otlptrace/otlptracegrpc (compile)
internal\web-wasm\sdk\client.go:8:2: no required module provides package github.com/vertikon/mcp-ultra-wasm-wasm/sdk/sdk-ultra-wasm/pkg/client; to add it:
	go get github.com/vertikon/mcp-ultra-wasm-wasm/sdk/sdk-ultra-wasm/pkg/client (compile)
internal\web-wasm\sdk\client.go:9:2: no required module provides package github.com/vertikon/mcp-ultra-wasm-wasm/sdk/sdk-ultra-wasm/pkg/types; to add it:
	go get github.com/vertikon/mcp-ultra-wasm-wasm/sdk/sdk-ultra-wasm/pkg/types (compile)
test\component\task_service_test.go:18:2: no required module provides package github.com/vertikon/mcp-ultra-wasm-wasm/mcp/mcp-ultra-wasm-wasm/test/mocks; to add it:
	go get github.com/vertikon/mcp-ultra-wasm-wasm/mcp/mcp-ultra-wasm-wasm/test/mocks (compile)
